<?xml version="1.0" encoding="UTF-8"?>
<!-- Generated by org.testng.reporters.JUnitReportReporter -->
<testsuite name="NewTest" tests="1" time="31.781" ignored="0" failures="0" timestamp="23 May 2019 10:34:35 GMT" skipped="0" hostname="AQMIT-DSK-10182" errors="0">
  <testcase name="test" time="31.781" classname="NewTest"/>
</testsuite> <!-- NewTest -->
